# JRE version: Java(TM) SE Runtime Environment (7.0_40-b43) (build 1.7.0_40-b43)
# Java VM: Java HotSpot(TM) Client VM (24.0-b56 mixed mode windows-x86 )
Heap
 def new generation   total 4928K, used 4124K [0x0f010000, 0x0f560000, 0x14560000)
  eden space 4416K,  81% used [0x0f010000, 0x0f397330, 0x0f460000)
  from space 512K, 100% used [0x0f460000, 0x0f4e0000, 0x0f4e0000)
  to   space 512K,   0% used [0x0f4e0000, 0x0f4e0000, 0x0f560000)
 tenured generation   total 10944K, used 2234K [0x14560000, 0x15010000, 0x1f010000)
   the space 10944K,  20% used [0x14560000, 0x1478e9d8, 0x1478ea00, 0x15010000)
 compacting perm gen  total 12288K, used 6509K [0x1f010000, 0x1fc10000, 0x23010000)
   the space 12288K,  52% used [0x1f010000, 0x1f66b6b0, 0x1f66b800, 0x1fc10000)
GC Heap History (8 events):
Event: 0.389 GC heap before
{Heap before GC invocations=0 (full 0):
 def new generation   total 4928K, used 4416K [0x0f010000, 0x0f560000, 0x14560000)
  eden space 4416K, 100% used [0x0f010000, 0x0f460000, 0x0f460000)
  from space 512K,   0% used [0x0f460000, 0x0f460000, 0x0f4e0000)
  to   space 512K,   0% used [0x0f4e0000, 0x0f4e0000, 0x0f560000)
 tenured generation   total 10944K, used 0K [0x14560000, 0x15010000, 0x1f010000)
   the space 10944K,   0% used [0x14560000, 0x14560000, 0x14560200, 0x15010000)
 compacting perm gen  total 12288K, used 2742K [0x1f010000, 0x1fc10000, 0x23010000)
   the space 12288K,  22% used [0x1f010000, 0x1f2bd890, 0x1f2bda00, 0x1fc10000)
No shared spaces configured.
Event: 0.394 GC heap after
Heap after GC invocations=1 (full 0):
 def new generation   total 4928K, used 512K [0x0f010000, 0x0f560000, 0x14560000)
  eden space 4416K,   0% used [0x0f010000, 0x0f010000, 0x0f460000)
  from space 512K, 100% used [0x0f4e0000, 0x0f560000, 0x0f560000)
  to   space 512K,   0% used [0x0f460000, 0x0f460000, 0x0f4e0000)
 tenured generation   total 10944K, used 672K [0x14560000, 0x15010000, 0x1f010000)
   the space 10944K,   6% used [0x14560000, 0x146081c0, 0x14608200, 0x15010000)
 compacting perm gen  total 12288K, used 2742K [0x1f010000, 0x1fc10000, 0x23010000)
   the space 12288K,  22% used [0x1f010000, 0x1f2bd890, 0x1f2bda00, 0x1fc10000)
No shared spaces configured.
}
Event: 0.487 GC heap before
{Heap before GC invocations=1 (full 0):
 def new generation   total 4928K, used 4928K [0x0f010000, 0x0f560000, 0x14560000)
  eden space 4416K, 100% used [0x0f010000, 0x0f460000, 0x0f460000)
  from space 512K, 100% used [0x0f4e0000, 0x0f560000, 0x0f560000)
  to   space 512K,   0% used [0x0f460000, 0x0f460000, 0x0f4e0000)
 tenured generation   total 10944K, used 672K [0x14560000, 0x15010000, 0x1f010000)
   the space 10944K,   6% used [0x14560000, 0x146081c0, 0x14608200, 0x15010000)
 compacting perm gen  total 12288K, used 3373K [0x1f010000, 0x1fc10000, 0x23010000)
   the space 12288K,  27% used [0x1f010000, 0x1f35b518, 0x1f35b600, 0x1fc10000)
No shared spaces configured.
Event: 0.491 GC heap after
Heap after GC invocations=2 (full 0):
 def new generation   total 4928K, used 511K [0x0f010000, 0x0f560000, 0x14560000)
  eden space 4416K,   0% used [0x0f010000, 0x0f010000, 0x0f460000)
  from space 512K,  99% used [0x0f460000, 0x0f4dfff8, 0x0f4e0000)
  to   space 512K,   0% used [0x0f4e0000, 0x0f4e0000, 0x0f560000)
 tenured generation   total 10944K, used 1308K [0x14560000, 0x15010000, 0x1f010000)
   the space 10944K,  11% used [0x14560000, 0x146a7030, 0x146a7200, 0x15010000)
 compacting perm gen  total 12288K, used 3373K [0x1f010000, 0x1fc10000, 0x23010000)
   the space 12288K,  27% used [0x1f010000, 0x1f35b518, 0x1f35b600, 0x1fc10000)
No shared spaces configured.
}
Event: 7.842 GC heap before
{Heap before GC invocations=2 (full 0):
 def new generation   total 4928K, used 4927K [0x0f010000, 0x0f560000, 0x14560000)
  eden space 4416K, 100% used [0x0f010000, 0x0f460000, 0x0f460000)
  from space 512K,  99% used [0x0f460000, 0x0f4dfff8, 0x0f4e0000)
  to   space 512K,   0% used [0x0f4e0000, 0x0f4e0000, 0x0f560000)
 tenured generation   total 10944K, used 1308K [0x14560000, 0x15010000, 0x1f010000)
   the space 10944K,  11% used [0x14560000, 0x146a7030, 0x146a7200, 0x15010000)
 compacting perm gen  total 12288K, used 4414K [0x1f010000, 0x1fc10000, 0x23010000)
   the space 12288K,  35% used [0x1f010000, 0x1f45fb70, 0x1f45fc00, 0x1fc10000)
No shared spaces configured.
Event: 7.846 GC heap after
Heap after GC invocations=3 (full 0):
 def new generation   total 4928K, used 512K [0x0f010000, 0x0f560000, 0x14560000)
  eden space 4416K,   0% used [0x0f010000, 0x0f010000, 0x0f460000)
  from space 512K, 100% used [0x0f4e0000, 0x0f560000, 0x0f560000)
  to   space 512K,   0% used [0x0f460000, 0x0f460000, 0x0f4e0000)
 tenured generation   total 10944K, used 1664K [0x14560000, 0x15010000, 0x1f010000)
   the space 10944K,  15% used [0x14560000, 0x14700038, 0x14700200, 0x15010000)
 compacting perm gen  total 12288K, used 4414K [0x1f010000, 0x1fc10000, 0x23010000)
   the space 12288K,  35% used [0x1f010000, 0x1f45fb70, 0x1f45fc00, 0x1fc10000)
No shared spaces configured.
}
Event: 101.978 GC heap before
{Heap before GC invocations=3 (full 0):
 def new generation   total 4928K, used 4928K [0x0f010000, 0x0f560000, 0x14560000)
  eden space 4416K, 100% used [0x0f010000, 0x0f460000, 0x0f460000)
  from space 512K, 100% used [0x0f4e0000, 0x0f560000, 0x0f560000)
  to   space 512K,   0% used [0x0f460000, 0x0f460000, 0x0f4e0000)
 tenured generation   total 10944K, used 1664K [0x14560000, 0x15010000, 0x1f010000)
   the space 10944K,  15% used [0x14560000, 0x14700038, 0x14700200, 0x15010000)
 compacting perm gen  total 12288K, used 5998K [0x1f010000, 0x1fc10000, 0x23010000)
   the space 12288K,  48% used [0x1f010000, 0x1f5ebb00, 0x1f5ebc00, 0x1fc10000)
No shared spaces configured.
Event: 101.983 GC heap after
Heap after GC invocations=4 (full 0):
 def new generation   total 4928K, used 512K [0x0f010000, 0x0f560000, 0x14560000)
  eden space 4416K,   0% used [0x0f010000, 0x0f010000, 0x0f460000)
  from space 512K, 100% used [0x0f460000, 0x0f4e0000, 0x0f4e0000)
  to   space 512K,   0% used [0x0f4e0000, 0x0f4e0000, 0x0f560000)
 tenured generation   total 10944K, used 2234K [0x14560000, 0x15010000, 0x1f010000)
   the space 10944K,  20% used [0x14560000, 0x1478e9d8, 0x1478ea00, 0x15010000)
 compacting perm gen  total 12288K, used 5998K [0x1f010000, 0x1fc10000, 0x23010000)
   the space 12288K,  48% used [0x1f010000, 0x1f5ebb00, 0x1f5ebc00, 0x1fc10000)
No shared spaces configured.
}

